<?xml version="1.0" encoding="UTF-8"?>
<!-- Generated by org.testng.reporters.JUnitXMLReporter -->
<testsuite ignored="0" hostname="LAPTOP-SF079DSF" failures="1" tests="2" name="Surefire test" time="16.604" errors="0" timestamp="2024-10-06T12:20:29 IST">
  <testcase classname="io.cucumber.testng.AbstractTestNGCucumberTests" name="runScenario" time="12.334"/>
  <testcase classname="io.cucumber.testng.AbstractTestNGCucumberTests" name="runScenario" time="13.403">
    <failure type="java.lang.AssertionError" message="expected [No data] but found [Beetroot]">
      <![CDATA[java.lang.AssertionError: expected [No data] but found [Beetroot]
at StepDefinitions.OfferPageStepDefinition.user_validate_the_search_product_on_offer_page(OfferPageStepDefinition.java:32)
at âœ½.User validate the search product Beet on Offer page(file:///E:/Selenium/SeleniumWorkspace/First/E2ECucumber/src/test/java/features/CucumberFeature.feature:9)
... Removed 6 stack frames]]>
    </failure>
  </testcase> <!-- runScenario -->
</testsuite> <!-- Surefire test -->
